0 silly argv {
0 silly argv   _: [ 'version' ],
0 silly argv   'conventional-commits': true,
0 silly argv   conventionalCommits: true,
0 silly argv   changelog: false,
0 silly argv   exact: true,
0 silly argv   push: false,
0 silly argv   lernaVersion: '7.4.2',
0 silly argv   '$0': '/Users/aleh/WebstormProjects/lerna-v2/node_modules/.bin/lerna'
0 silly argv }
1 notice cli v7.4.2
2 verbose packageConfigs Explicit "packages" configuration found in lerna.json. Resolving packages using the configured glob(s): [".","packages/*"]
3 verbose rootPath /Users/aleh/WebstormProjects/lerna-v2
4 info versioning independent
5 silly isAnythingCommitted
6 verbose isAnythingCommitted 1
7 silly getCurrentBranch
8 verbose currentBranch dev
9 silly hasTags
10 verbose hasTags true
11 silly git-describe.sync "@zidabah/date-logic@1.11.18-3-g2845da7" => {"lastTagName":"@zidabah/date-logic@1.11.18","lastVersion":"1.11.18","refCount":"3","sha":"2845da7","isDirty":false}
12 info Looking for changed packages since @zidabah/date-logic@1.11.18
13 info ignoring diff in paths matching [
13 info ignoring diff in paths matching   'src/**',
13 info ignoring diff in paths matching   '**/CHANGELOG.md',
13 info ignoring diff in paths matching   '**/node_modules/**',
13 info ignoring diff in paths matching   '**/package.json',
13 info ignoring diff in paths matching   'lerna.json',
13 info ignoring diff in paths matching   '**/package-lock.json',
13 info ignoring diff in paths matching   '**/*.yaml'
13 info ignoring diff in paths matching ]
14 silly checking diff
15 silly found diff in package-lock.json
15 silly found diff in package.json
15 silly found diff in packages/date-logic/index.js
15 silly found diff in packages/date-logic/package.json
15 silly found diff in packages/date-renderer/index.js
15 silly found diff in packages/date-renderer/package.json
16 verbose filtered diff [ 'packages/date-logic/index.js', 'packages/date-renderer/index.js' ]
17 silly checking diff packages/date-logic
18 silly found diff in packages/date-logic/index.js
18 silly found diff in packages/date-logic/package.json
19 verbose filtered diff [ 'packages/date-logic/index.js' ]
20 silly checking diff packages/date-renderer
21 silly found diff in packages/date-renderer/index.js
21 silly found diff in packages/date-renderer/package.json
22 verbose filtered diff [ 'packages/date-renderer/index.js' ]
23 verbose updated lerna-v2
24 verbose updated @zidabah/date-logic
25 verbose updated @zidabah/date-renderer
26 info version rooted leaf detected, skipping synthetic root lifecycles
27 verbose git-describe undefined => "@zidabah/date-logic@1.11.18-3-g2845da7"
28 silly git-describe parsed => {"lastTagName":"@zidabah/date-logic@1.11.18","lastVersion":"1.11.18","refCount":"3","sha":"2845da7","isDirty":false}
29 silly independent for lerna-v2 at /Users/aleh/WebstormProjects/lerna-v2
30 verbose getChangelogConfig using preset "conventional-changelog-angular"
31 silly npa Result {
31 silly npa   type: 'tag',
31 silly npa   registry: true,
31 silly npa   where: undefined,
31 silly npa   raw: 'conventional-changelog-angular',
31 silly npa   name: 'conventional-changelog-angular',
31 silly npa   escapedName: 'conventional-changelog-angular',
31 silly npa   scope: undefined,
31 silly npa   rawSpec: '',
31 silly npa   saveSpec: null,
31 silly npa   fetchSpec: 'latest',
31 silly npa   gitRange: undefined,
31 silly npa   gitCommittish: undefined,
31 silly npa   hosted: undefined
31 silly npa }
32 verbose getChangelogConfig Attempting to resolve preset "conventional-changelog-angular"
33 info getChangelogConfig Successfully resolved preset "conventional-changelog-angular"
34 verbose independent increment 2.0.11 by patch
35 silly independent for @zidabah/date-logic at /Users/aleh/WebstormProjects/lerna-v2/packages/date-logic
36 verbose independent increment 1.11.17 by patch
37 silly independent for @zidabah/date-renderer at /Users/aleh/WebstormProjects/lerna-v2/packages/date-renderer
38 verbose independent increment 0.9.17 by patch
39 info execute Skipping git push
40 info execute Skipping releases
41 silly lifecycle No script for "preversion" in "@zidabah/date-logic", continuing
42 verbose version @zidabah/date-logic has no lockfile. Skipping lockfile update.
43 silly lifecycle No script for "version" in "@zidabah/date-logic", continuing
44 silly lifecycle No script for "preversion" in "@zidabah/date-renderer", continuing
45 verbose version @zidabah/date-renderer has no lockfile. Skipping lockfile update.
46 silly lifecycle No script for "version" in "@zidabah/date-renderer", continuing
47 silly lifecycle No script for "preversion" in "lerna-v2", continuing
48 silly lifecycle No script for "version" in "lerna-v2", continuing
49 verbose version Updating root package-lock.json
50 error Error: Command failed with exit code 1: npm install --package-lock-only --ignore-scripts
50 error npm ERR! code ETARGET
50 error npm ERR! notarget No matching version found for @zidabah/date-renderer@0.9.18.
50 error npm ERR! notarget In most cases you or one of your dependencies are requesting
50 error npm ERR! notarget a package version that doesn't exist.
50 error
50 error npm ERR! A complete log of this run can be found in: /Users/aleh/.npm/_logs/2024-01-19T19_50_48_725Z-debug-0.log
50 error     at makeError (/Users/aleh/WebstormProjects/lerna-v2/node_modules/execa/lib/error.js:59:11)
50 error     at handlePromise (/Users/aleh/WebstormProjects/lerna-v2/node_modules/execa/index.js:114:26)
50 error     at process.processTicksAndRejections (node:internal/process/task_queues:95:5)
50 error     at async VersionCommand.updatePackageVersions (/Users/aleh/WebstormProjects/lerna-v2/node_modules/lerna/dist/index.js:8317:13)
50 error     at async Promise.all (index 0)
